Removed Pin From Net: NetName=GND Pin=C26-1
Removed Pin From Net: NetName=GND Pin=C27-1
Removed Pin From Net: NetName=GND Pin=C28-1
Removed Pin From Net: NetName=3V3 Pin=C28-2
Removed Pin From Net: NetName=GND Pin=C29-1
Removed Pin From Net: NetName=3V3 Pin=C29-2
Removed Pin From Net: NetName=GND Pin=R27-1
Removed Pin From Net: NetName=GND Pin=U10-1
Removed Pin From Net: NetName=GND Pin=U10-1
Removed Pin From Net: NetName=GND Pin=U10-1
Removed Pin From Net: NetName=3V3 Pin=U10-6
Removed Pin From Net: NetName=GND Pin=U10-7
Removed Pin From Net: NetName=GND Pin=U10-8
Removed Pin From Net: NetName=3V3 Pin=U10-9
Removed Pin From Net: NetName=GND Pin=U10-10
Removed Pin From Net: NetName=3V3 Pin=U10-11
Removed Pin From Net: NetName=GND Pin=U10-12
Removed Pin From Net: NetName=SCL Pin=U10-18
Removed Pin From Net: NetName=SDA Pin=U10-19
Removed Pin From Net: NetName=SDA Pin=U10-20
Removed Pin From Net: NetName=GND Pin=U10-29
Removed Pin From Net: NetName=GND Pin=U10-30
