Removed Pin From Net: NetName=VBAT Pin=C5-2
Removed Pin From Net: NetName=GND Pin=J1-P$6
Removed Pin From Net: NetName=GND Pin=J1-P$7
Removed Pin From Net: NetName=GND Pin=J1-P$8
Removed Pin From Net: NetName=GND Pin=J1-P$9
Removed Pin From Net: NetName=GND Pin=J1-P$10
Removed Pin From Net: NetName=GND Pin=J1-P$11
Removed Pin From Net: NetName=GND Pin=J1-P$12
Removed Pin From Net: NetName=GND Pin=J1-P$13
Removed Pin From Net: NetName=VBAT Pin=J3-1
Removed Pin From Net: NetName=GND Pin=J3-P1
Removed Pin From Net: NetName=GND Pin=J3-P2
Removed Pin From Net: NetName=GND Pin=SW1-S1
Removed Pin From Net: NetName=GND Pin=SW1-S2
Removed Pin From Net: NetName=GND Pin=SW1-S3
Removed Pin From Net: NetName=GND Pin=SW1-S4
Removed Pin From Net: NetName=GND Pin=U3-11
Removed Pin From Net: NetName=GND Pin=U5-11
Removed Pin From Net: NetName=VBAT Pin=U6-6
Removed Pin From Net: NetName=GND Pin=U6-13
Removed Pin From Net: NetName=GND Pin=U8-39
Added Pin To Net: NetName=GND Pin=C5-2
Added Pin To Net: NetName=NetC5_1 Pin=J3-1
Added Pin To Net: NetName=VBAT Pin=R24-1
Added Pin To Net: NetName=IO5 Pin=SW2-1
Added Pin To Net: NetName=NetC14_1 Pin=SW2-3
Added Pin To Net: NetName=NetC5_1 Pin=U6-6
Added Pin To Net: NetName=VBAT Pin=U6-7
Change Net Name : Old Net Name=NetC5_1 New Net Name=BATTIN
