Replace Part C1 08056C106KAT2A in C:\Users\Public\Documents\Altium\Breathalyzer\Breathalyzer.SchDoc with 08056C106KAT2A from Breathalyzer.SchLib
Replace Part C2 08056C106KAT2A in C:\Users\Public\Documents\Altium\Breathalyzer\Breathalyzer.SchDoc with 08056C106KAT2A from Breathalyzer.SchLib
Replace Part C3 08056C106KAT2A in C:\Users\Public\Documents\Altium\Breathalyzer\Breathalyzer.SchDoc with 08056C106KAT2A from Breathalyzer.SchLib
Replace Part C4 GRM188R71E104KA01D in C:\Users\Public\Documents\Altium\Breathalyzer\Breathalyzer.SchDoc with GRM188R71E104KA01D from Breathalyzer.SchLib
Replace Part C5 GRM188R61A105KA61J in C:\Users\Public\Documents\Altium\Breathalyzer\Breathalyzer.SchDoc with GRM188R61A105KA61J from Breathalyzer.SchLib
Replace Part C6 CC0805KKX7R8BB474 in C:\Users\Public\Documents\Altium\Breathalyzer\Breathalyzer.SchDoc with CC0805KKX7R8BB474 from Breathalyzer.SchLib
Replace Part C7 08056C106KAT2A in C:\Users\Public\Documents\Altium\Breathalyzer\Breathalyzer.SchDoc with 08056C106KAT2A from Breathalyzer.SchLib
Replace Part C8 08056C106KAT2A in C:\Users\Public\Documents\Altium\Breathalyzer\Breathalyzer.SchDoc with 08056C106KAT2A from Breathalyzer.SchLib
Replace Part C9 08056C106KAT2A in C:\Users\Public\Documents\Altium\Breathalyzer\Breathalyzer.SchDoc with 08056C106KAT2A from Breathalyzer.SchLib
Replace Part C10 GRM188R71E104KA01D in C:\Users\Public\Documents\Altium\Breathalyzer\Breathalyzer.SchDoc with GRM188R71E104KA01D from Breathalyzer.SchLib
Replace Part C11 GRM188R61A105KA61J in C:\Users\Public\Documents\Altium\Breathalyzer\Breathalyzer.SchDoc with GRM188R61A105KA61J from Breathalyzer.SchLib
Replace Part C12 GRM31CR60J107ME39K in C:\Users\Public\Documents\Altium\Breathalyzer\Breathalyzer.SchDoc with GRM31CR60J107ME39K from Breathalyzer.SchLib
Replace Part C13 TMK316BJ106ML-T in C:\Users\Public\Documents\Altium\Breathalyzer\Breathalyzer.SchDoc with TMK316BJ106ML-T from Breathalyzer.SchLib
Replace Part C14 GRM188R71E104KA01D in C:\Users\Public\Documents\Altium\Breathalyzer\Breathalyzer.SchDoc with GRM188R71E104KA01D from Breathalyzer.SchLib
Replace Part C15 TMK316BJ106ML-T in C:\Users\Public\Documents\Altium\Breathalyzer\Breathalyzer.SchDoc with TMK316BJ106ML-T from Breathalyzer.SchLib
Replace Part C16 GRM188R71E104KA01D in C:\Users\Public\Documents\Altium\Breathalyzer\Breathalyzer.SchDoc with GRM188R71E104KA01D from Breathalyzer.SchLib
Replace Part C17 UMK107SD102KA-T in C:\Users\Public\Documents\Altium\Breathalyzer\Breathalyzer.SchDoc with UMK107SD102KA-T from Breathalyzer.SchLib
Replace Part C18 UMK107SD102KA-T in C:\Users\Public\Documents\Altium\Breathalyzer\Breathalyzer.SchDoc with UMK107SD102KA-T from Breathalyzer.SchLib
Replace Part C19 UMK107SD102KA-T in C:\Users\Public\Documents\Altium\Breathalyzer\Breathalyzer.SchDoc with UMK107SD102KA-T from Breathalyzer.SchLib
Replace Part C20 GRM188R71E104KA01D in C:\Users\Public\Documents\Altium\Breathalyzer\Breathalyzer.SchDoc with GRM188R71E104KA01D from Breathalyzer.SchLib
Replace Part C21 GRM188R71E104KA01D in C:\Users\Public\Documents\Altium\Breathalyzer\Breathalyzer.SchDoc with GRM188R71E104KA01D from Breathalyzer.SchLib
Replace Part C22 GRM31CR60J107ME39K in C:\Users\Public\Documents\Altium\Breathalyzer\Breathalyzer.SchDoc with GRM31CR60J107ME39K from Breathalyzer.SchLib
Replace Part C23 GRM188R61A105KA61J in C:\Users\Public\Documents\Altium\Breathalyzer\Breathalyzer.SchDoc with GRM188R61A105KA61J from Breathalyzer.SchLib
Replace Part C24 GRM188R61A105KA61J in C:\Users\Public\Documents\Altium\Breathalyzer\Breathalyzer.SchDoc with GRM188R61A105KA61J from Breathalyzer.SchLib
Replace Part C25 GRM188R61A105KA61J in C:\Users\Public\Documents\Altium\Breathalyzer\Breathalyzer.SchDoc with GRM188R61A105KA61J from Breathalyzer.SchLib
Replace Part C26 06036D475MAT2A in C:\Users\Public\Documents\Altium\Breathalyzer\Breathalyzer.SchDoc with 06036D475MAT2A from Breathalyzer.SchLib
Replace Part C27 GRM188R60J225ME19J in C:\Users\Public\Documents\Altium\Breathalyzer\Breathalyzer.SchDoc with GRM188R60J225ME19J from Breathalyzer.SchLib
Replace Part C28 GRM188R61A105KA61J in C:\Users\Public\Documents\Altium\Breathalyzer\Breathalyzer.SchDoc with GRM188R61A105KA61J from Breathalyzer.SchLib
Replace Part C29 GRM188R61A105KA61J in C:\Users\Public\Documents\Altium\Breathalyzer\Breathalyzer.SchDoc with GRM188R61A105KA61J from Breathalyzer.SchLib
Replace Part D1 LTST-C193TBKT-5A in C:\Users\Public\Documents\Altium\Breathalyzer\Breathalyzer.SchDoc with LTST-C193TBKT-5A from Breathalyzer.SchLib
Replace Part J1 1042P in C:\Users\Public\Documents\Altium\Breathalyzer\Breathalyzer.SchDoc with 1042P from Breathalyzer.SchLib
Replace Part J2 I2C Testing in C:\Users\Public\Documents\Altium\Breathalyzer\Breathalyzer.SchDoc with I2C Testing from Breathalyzer.SchLib
Replace Part J3 12401598E4#2A in C:\Users\Public\Documents\Altium\Breathalyzer\Breathalyzer.SchDoc with 12401598E4#2A from Breathalyzer.SchLib
Replace Part L1 VLF4012AT-2R2M1R5 in C:\Users\Public\Documents\Altium\Breathalyzer\Breathalyzer.SchDoc with VLF4012AT-2R2M1R5 from Breathalyzer.SchLib
Replace Part L2 VLF4012AT-2R2M1R5 in C:\Users\Public\Documents\Altium\Breathalyzer\Breathalyzer.SchDoc with VLF4012AT-2R2M1R5 from Breathalyzer.SchLib
Replace Part Q1 MMSS8050-L-TP in C:\Users\Public\Documents\Altium\Breathalyzer\Breathalyzer.SchDoc with MMSS8050-L-TP from Breathalyzer.SchLib
Replace Part Q2 MMSS8050-L-TP in C:\Users\Public\Documents\Altium\Breathalyzer\Breathalyzer.SchDoc with MMSS8050-L-TP from Breathalyzer.SchLib
Replace Part Q3 DMP2045U-7 in C:\Users\Public\Documents\Altium\Breathalyzer\Breathalyzer.SchDoc with DMP2045U-7 from Breathalyzer.SchLib
Replace Part Q4 DMP2045U-7 in C:\Users\Public\Documents\Altium\Breathalyzer\Breathalyzer.SchDoc with DMP2045U-7 from Breathalyzer.SchLib
Replace Part R1 RC0805FR-0710KL in C:\Users\Public\Documents\Altium\Breathalyzer\Breathalyzer.SchDoc with RC0805FR-0710KL from Breathalyzer.SchLib
Replace Part R2 RC0805JR-07100RL in C:\Users\Public\Documents\Altium\Breathalyzer\Breathalyzer.SchDoc with RC0805JR-07100RL from Breathalyzer.SchLib
Replace Part R3 RC0805FR-0710KL in C:\Users\Public\Documents\Altium\Breathalyzer\Breathalyzer.SchDoc with RC0805FR-0710KL from Breathalyzer.SchLib
Replace Part R4 RC0603FR-07100KL in C:\Users\Public\Documents\Altium\Breathalyzer\Breathalyzer.SchDoc with RC0603FR-07100KL from Breathalyzer.SchLib
Replace Part R5 RC0805FR-0710KL in C:\Users\Public\Documents\Altium\Breathalyzer\Breathalyzer.SchDoc with RC0805FR-0710KL from Breathalyzer.SchLib
Replace Part R6 RC0805FR-0710KL in C:\Users\Public\Documents\Altium\Breathalyzer\Breathalyzer.SchDoc with RC0805FR-0710KL from Breathalyzer.SchLib
Replace Part R7 CRCW080518K0FKEA in C:\Users\Public\Documents\Altium\Breathalyzer\Breathalyzer.SchDoc with CRCW080518K0FKEA from Breathalyzer.SchLib
Replace Part R8 CRCW06031K10FKEA in C:\Users\Public\Documents\Altium\Breathalyzer\Breathalyzer.SchDoc with CRCW06031K10FKEA from Breathalyzer.SchLib
Replace Part R9 ERA6AEB6980V in C:\Users\Public\Documents\Altium\Breathalyzer\Breathalyzer.SchDoc with ERA6AEB6980V from Breathalyzer.SchLib
Replace Part R10 RC0805JR-07100RL in C:\Users\Public\Documents\Altium\Breathalyzer\Breathalyzer.SchDoc with RC0805JR-07100RL from Breathalyzer.SchLib
Replace Part R11 RC0805FR-07470RL in C:\Users\Public\Documents\Altium\Breathalyzer\Breathalyzer.SchDoc with RC0805FR-07470RL from Breathalyzer.SchLib
Replace Part R12 RC0603FR-070RL in C:\Users\Public\Documents\Altium\Breathalyzer\Breathalyzer.SchDoc with RC0603FR-070RL from Breathalyzer.SchLib
Replace Part R13 RC0603FR-070RL in C:\Users\Public\Documents\Altium\Breathalyzer\Breathalyzer.SchDoc with RC0603FR-070RL from Breathalyzer.SchLib
Replace Part R14 RC0805FR-0710KL in C:\Users\Public\Documents\Altium\Breathalyzer\Breathalyzer.SchDoc with RC0805FR-0710KL from Breathalyzer.SchLib
Replace Part R15 RC0805FR-0710KL in C:\Users\Public\Documents\Altium\Breathalyzer\Breathalyzer.SchDoc with RC0805FR-0710KL from Breathalyzer.SchLib
Replace Part R16 RC0805FR-0710KL in C:\Users\Public\Documents\Altium\Breathalyzer\Breathalyzer.SchDoc with RC0805FR-0710KL from Breathalyzer.SchLib
Replace Part R17 RC0805FR-0710KL in C:\Users\Public\Documents\Altium\Breathalyzer\Breathalyzer.SchDoc with RC0805FR-0710KL from Breathalyzer.SchLib
Replace Part R18 RC0805FR-0710KL in C:\Users\Public\Documents\Altium\Breathalyzer\Breathalyzer.SchDoc with RC0805FR-0710KL from Breathalyzer.SchLib
Replace Part R19 RC0805FR-0710KL in C:\Users\Public\Documents\Altium\Breathalyzer\Breathalyzer.SchDoc with RC0805FR-0710KL from Breathalyzer.SchLib
Replace Part R20 RC0805FR-07470RL in C:\Users\Public\Documents\Altium\Breathalyzer\Breathalyzer.SchDoc with RC0805FR-07470RL from Breathalyzer.SchLib
Replace Part R21 RC0805FR-07470RL in C:\Users\Public\Documents\Altium\Breathalyzer\Breathalyzer.SchDoc with RC0805FR-07470RL from Breathalyzer.SchLib
Replace Part R22 CRCW0603910KFKEA in C:\Users\Public\Documents\Altium\Breathalyzer\Breathalyzer.SchDoc with CRCW0603910KFKEA from Breathalyzer.SchLib
Replace Part R23 RC0603FR-07100KL in C:\Users\Public\Documents\Altium\Breathalyzer\Breathalyzer.SchDoc with RC0603FR-07100KL from Breathalyzer.SchLib
Replace Part R24 ERJ-8BWFR010V in C:\Users\Public\Documents\Altium\Breathalyzer\Breathalyzer.SchDoc with ERJ-8BWFR010V from Breathalyzer.SchLib
Replace Part R25 CRCW080582R0FKEA in C:\Users\Public\Documents\Altium\Breathalyzer\Breathalyzer.SchDoc with CRCW080582R0FKEA from Breathalyzer.SchLib
Replace Part R27 CRCW0805390KFKEA in C:\Users\Public\Documents\Altium\Breathalyzer\Breathalyzer.SchDoc with CRCW0805390KFKEA from Breathalyzer.SchLib
Replace Part SW1 PCM12SMTR in C:\Users\Public\Documents\Altium\Breathalyzer\Breathalyzer.SchDoc with PCM12SMTR from Breathalyzer.SchLib
Replace Part SW2 EVPAWCD4A in C:\Users\Public\Documents\Altium\Breathalyzer\Breathalyzer.SchDoc with EVPAWCD4A from Breathalyzer.SchLib
Replace Part SW3 EVPAWCD4A in C:\Users\Public\Documents\Altium\Breathalyzer\Breathalyzer.SchDoc with EVPAWCD4A from Breathalyzer.SchLib
Replace Part TP1 TEST-PT in C:\Users\Public\Documents\Altium\Breathalyzer\Breathalyzer.SchDoc with TEST-PT from Breathalyzer.SchLib
Replace Part U1 BQ24075RGTT in C:\Users\Public\Documents\Altium\Breathalyzer\Breathalyzer.SchDoc with BQ24075RGTT from Breathalyzer.SchLib
Replace Part U2 MiCS-5524 in C:\Users\Public\Documents\Altium\Breathalyzer\Breathalyzer.SchDoc with MiCS-5524 from Breathalyzer.SchLib
Replace Part U3 TPS63002DRCR in C:\Users\Public\Documents\Altium\Breathalyzer\Breathalyzer.SchDoc with TPS63002DRCR from Breathalyzer.SchLib
Replace Part U4 TPD8S300RUKR in C:\Users\Public\Documents\Altium\Breathalyzer\Breathalyzer.SchDoc with TPD8S300RUKR from Breathalyzer.SchLib
Replace Part U5 TPS63001DRCT in C:\Users\Public\Documents\Altium\Breathalyzer\Breathalyzer.SchDoc with TPS63001DRCT from Breathalyzer.SchLib
Replace Part U6 BQ27441DRZR-G1A in C:\Users\Public\Documents\Altium\Breathalyzer\Breathalyzer.SchDoc with BQ27441DRZR-G1A from Breathalyzer.SchLib
Replace Part U7 CP2102N-A01-GQFN28 in C:\Users\Public\Documents\Altium\Breathalyzer\Breathalyzer.SchDoc with CP2102N-A01-GQFN28 from Breathalyzer.SchLib
Replace Part U8 ESP32-WROOM-32D in C:\Users\Public\Documents\Altium\Breathalyzer\Breathalyzer.SchDoc with ESP32-WROOM-32D from Breathalyzer.SchLib
Replace Part U9 TUSB322IRWBR in C:\Users\Public\Documents\Altium\Breathalyzer\Breathalyzer.SchDoc with TUSB322IRWBR from Breathalyzer.SchLib
Replace Part U10 SSD1306 OLED in C:\Users\Public\Documents\Altium\Breathalyzer\Breathalyzer.SchDoc with SSD1306 OLED from Breathalyzer.SchLib
