Added Component: Designator=U4(QFN40P300X300X80-21N)
Add component. Clean all parameters for all variants
Add component (AddParameter): Name = "Capacitance"; Value = "1.5pF"; VariantName = "[No Variations]"
Add component (AddParameter): Name = "ComponentLink1Description"; Value = "Datasheet"; VariantName = "[No Variations]"
Add component (AddParameter): Name = "ComponentLink1URL"; Value = "http://www.ti.com/lit/ds/symlink/tpd8s300.pdf"; VariantName = "[No Variations]"
Add component (AddParameter): Name = "Interface"; Value = "USB"; VariantName = "[No Variations]"
Add component (AddParameter): Name = "Lead Free"; Value = "Lead Free"; VariantName = "[No Variations]"
Add component (AddParameter): Name = "Manufacturer"; Value = "Texas Instruments"; VariantName = "[No Variations]"
Add component (AddParameter): Name = "Manufacturer Part Number"; Value = "TPD8S300RUKR"; VariantName = "[No Variations]"
Add component (AddParameter): Name = "Max Operating Temperature"; Value = "125°C"; VariantName = "[No Variations]"
Add component (AddParameter): Name = "Min Operating Temperature"; Value = "-40°C"; VariantName = "[No Variations]"
Add component (AddParameter): Name = "Pricing 1"; Value = "1=2.56, 10=2.17, 50=2.17, 100=1.74, 1000=1.26, 10000=1.13 (USD)"; VariantName = "[No Variations]"
Add component (AddParameter): Name = "Stock 1"; Value = "24813"; VariantName = "[No Variations]"
Add component (AddParameter): Name = "Supplier 1"; Value = "Mouser"; VariantName = "[No Variations]"
Add component (AddParameter): Name = "Supplier Part Number 1"; Value = "595-TPD8S300RUKR"; VariantName = "[No Variations]"
Added Pin To Net: NetName=NetJ3_A8 Pin=U4-1
Added Pin To Net: NetName=NetJ3_B8 Pin=U4-2
Added Pin To Net: NetName=NetC20_1 Pin=U4-3
Added Pin To Net: NetName=NetJ3_A5 Pin=U4-4
Added Pin To Net: NetName=NetJ3_B5 Pin=U4-5
Added Pin To Net: NetName=NetJ3_B5 Pin=U4-6
Added Pin To Net: NetName=NetJ3_A5 Pin=U4-7
Added Pin To Net: NetName=GND Pin=U4-8
Added Pin To Net: NetName=NetR23_1 Pin=U4-9
Added Pin To Net: NetName=3V3 Pin=U4-10
Added Pin To Net: NetName=NetU4_11 Pin=U4-11
Added Pin To Net: NetName=NetU4_12 Pin=U4-12
Added Pin To Net: NetName=GND Pin=U4-13
Added Pin To Net: NetName=NetJ3_B7 Pin=U4-16
Added Pin To Net: NetName=NetJ3_B6 Pin=U4-17
Added Pin To Net: NetName=GND Pin=U4-18
Added Pin To Net: NetName=NetJ3_A7 Pin=U4-19
Added Pin To Net: NetName=NetJ3_A6 Pin=U4-20
Added Pin To Net: NetName=GND Pin=U4-21
